Start testing: Apr 28 15:34 India Standard Time
----------------------------------------------------------
1/1 Testing: ZooKernelTest.Addition
1/1 Test: ZooKernelTest.Addition
Command: "C:/Users/Mhd Nishan/Desktop/zoo-project/ZOO-Project/build/Debug/kernel_test.exe" "--gtest_filter=ZooKernelTest.Addition" "--gtest_also_run_disabled_tests"
Directory: C:/Users/Mhd Nishan/Desktop/zoo-project/ZOO-Project/build
"ZooKernelTest.Addition" start time: Apr 28 15:34 India Standard Time
Output:
----------------------------------------------------------
Running main() from C:\Users\Mhd Nishan\Desktop\zoo-project\ZOO-Project\build\_deps\googletest-src\googletest\src\gtest_main.cc
Note: Google Test filter = ZooKernelTest.Addition
[==========] Running 1 test from 1 test suite.
[----------] Global test environment set-up.
[----------] 1 test from ZooKernelTest
[ RUN      ] ZooKernelTest.Addition
[       OK ] ZooKernelTest.Addition (0 ms)
[----------] 1 test from ZooKernelTest (0 ms total)

[----------] Global test environment tear-down
[==========] 1 test from 1 test suite ran. (0 ms total)
[  PASSED  ] 1 test.
<end of output>
Test time =   0.10 sec
----------------------------------------------------------
Test Passed.
"ZooKernelTest.Addition" end time: Apr 28 15:34 India Standard Time
"ZooKernelTest.Addition" time elapsed: 00:00:00
----------------------------------------------------------

End testing: Apr 28 15:34 India Standard Time
